<?xml version="1.0" encoding="UTF-8"?>
<!-- Generated by org.testng.reporters.JUnitReportReporter -->
<testsuite hostname="US1LT-RGUNTURU" name="com.Agility.DataPricker" tests="1" failures="0" timestamp="23 Aug 2019 07:53:21 GMT" time="0.029" errors="0">
  <testcase name="selectDatePicker" time="0.029" classname="com.Agility.DataPricker"/>
</testsuite> <!-- com.Agility.DataPricker -->
